# JRE version: OpenJDK Runtime Environment (8.0_202-b03) (build 1.8.0_202-release-1483-b03)
# Java VM: OpenJDK 64-Bit Server VM (25.202-b03 mixed mode windows-amd64 compressed oops)
Heap:
 PSYoungGen      total 248832K, used 36357K [0x00000000e0000000, 0x00000000f3000000, 0x0000000100000000)
  eden space 226304K, 6% used [0x00000000e0000000,0x00000000e0e61ed8,0x00000000edd00000)
  from space 22528K, 96% used [0x00000000edd00000,0x00000000ef21f768,0x00000000ef300000)
  to   space 25088K, 0% used [0x00000000f1780000,0x00000000f1780000,0x00000000f3000000)
 ParOldGen       total 258048K, used 37381K [0x00000000a0000000, 0x00000000afc00000, 0x00000000e0000000)
  object space 258048K, 14% used [0x00000000a0000000,0x00000000a24816e0,0x00000000afc00000)
 Metaspace       used 63461K, capacity 66166K, committed 66432K, reserved 1105920K
  class space    used 8641K, capacity 9260K, committed 9344K, reserved 1048576K
GC Heap History (10 events):
Event: 3.870 GC heap before
{Heap before GC invocations=8 (full 2):
 PSYoungGen      total 179712K, used 10624K [0x00000000e0000000, 0x00000000eed00000, 0x0000000100000000)
  eden space 165376K, 0% used [0x00000000e0000000,0x00000000e0000000,0x00000000ea180000)
  from space 14336K, 74% used [0x00000000eaf80000,0x00000000eb9e0000,0x00000000ebd80000)
  to   space 14336K, 0% used [0x00000000ea180000,0x00000000ea180000,0x00000000eaf80000)
 ParOldGen       total 107008K, used 12890K [0x00000000a0000000, 0x00000000a6880000, 0x00000000e0000000)
  object space 107008K, 12% used [0x00000000a0000000,0x00000000a0c96908,0x00000000a6880000)
 Metaspace       used 34564K, capacity 35402K, committed 35496K, reserved 1079296K
  class space    used 4774K, capacity 5032K, committed 5120K, reserved 1048576K
Event: 3.926 GC heap after
Heap after GC invocations=8 (full 2):
 PSYoungGen      total 179712K, used 0K [0x00000000e0000000, 0x00000000eed00000, 0x0000000100000000)
  eden space 165376K, 0% used [0x00000000e0000000,0x00000000e0000000,0x00000000ea180000)
  from space 14336K, 0% used [0x00000000eaf80000,0x00000000eaf80000,0x00000000ebd80000)
  to   space 14336K, 0% used [0x00000000ea180000,0x00000000ea180000,0x00000000eaf80000)
 ParOldGen       total 169984K, used 17906K [0x00000000a0000000, 0x00000000aa600000, 0x00000000e0000000)
  object space 169984K, 10% used [0x00000000a0000000,0x00000000a117c8f8,0x00000000aa600000)
 Metaspace       used 34530K, capacity 35288K, committed 35496K, reserved 1079296K
  class space    used 4764K, capacity 5013K, committed 5120K, reserved 1048576K
}
Event: 5.017 GC heap before
{Heap before GC invocations=9 (full 2):
 PSYoungGen      total 179712K, used 165376K [0x00000000e0000000, 0x00000000eed00000, 0x0000000100000000)
  eden space 165376K, 100% used [0x00000000e0000000,0x00000000ea180000,0x00000000ea180000)
  from space 14336K, 0% used [0x00000000eaf80000,0x00000000eaf80000,0x00000000ebd80000)
  to   space 14336K, 0% used [0x00000000ea180000,0x00000000ea180000,0x00000000eaf80000)
 ParOldGen       total 169984K, used 17906K [0x00000000a0000000, 0x00000000aa600000, 0x00000000e0000000)
  object space 169984K, 10% used [0x00000000a0000000,0x00000000a117c8f8,0x00000000aa600000)
 Metaspace       used 49639K, capacity 51096K, committed 51200K, reserved 1093632K
  class space    used 6698K, capacity 7073K, committed 7168K, reserved 1048576K
Event: 5.034 GC heap after
Heap after GC invocations=9 (full 2):
 PSYoungGen      total 179712K, used 14304K [0x00000000e0000000, 0x00000000f0580000, 0x0000000100000000)
  eden space 165376K, 0% used [0x00000000e0000000,0x00000000e0000000,0x00000000ea180000)
  from space 14336K, 99% used [0x00000000ea180000,0x00000000eaf78220,0x00000000eaf80000)
  to   space 18944K, 0% used [0x00000000ef300000,0x00000000ef300000,0x00000000f0580000)
 ParOldGen       total 169984K, used 24484K [0x00000000a0000000, 0x00000000aa600000, 0x00000000e0000000)
  object space 169984K, 14% used [0x00000000a0000000,0x00000000a17e9188,0x00000000aa600000)
 Metaspace       used 49639K, capacity 51096K, committed 51200K, reserved 1093632K
  class space    used 6698K, capacity 7073K, committed 7168K, reserved 1048576K
}
Event: 5.746 GC heap before
{Heap before GC invocations=10 (full 2):
 PSYoungGen      total 179712K, used 112174K [0x00000000e0000000, 0x00000000f0580000, 0x0000000100000000)
  eden space 165376K, 59% used [0x00000000e0000000,0x00000000e5f93640,0x00000000ea180000)
  from space 14336K, 99% used [0x00000000ea180000,0x00000000eaf78220,0x00000000eaf80000)
  to   space 18944K, 0% used [0x00000000ef300000,0x00000000ef300000,0x00000000f0580000)
 ParOldGen       total 169984K, used 24484K [0x00000000a0000000, 0x00000000aa600000, 0x00000000e0000000)
  object space 169984K, 14% used [0x00000000a0000000,0x00000000a17e9188,0x00000000aa600000)
 Metaspace       used 57394K, capacity 59148K, committed 59160K, reserved 1099776K
  class space    used 7817K, capacity 8317K, committed 8320K, reserved 1048576K
Event: 5.763 GC heap after
Heap after GC invocations=10 (full 2):
 PSYoungGen      total 245248K, used 18939K [0x00000000e0000000, 0x00000000f1100000, 0x0000000100000000)
  eden space 226304K, 0% used [0x00000000e0000000,0x00000000e0000000,0x00000000edd00000)
  from space 18944K, 99% used [0x00000000ef300000,0x00000000f057ef58,0x00000000f0580000)
  to   space 22528K, 0% used [0x00000000edd00000,0x00000000edd00000,0x00000000ef300000)
 ParOldGen       total 169984K, used 26463K [0x00000000a0000000, 0x00000000aa600000, 0x00000000e0000000)
  object space 169984K, 15% used [0x00000000a0000000,0x00000000a19d7f90,0x00000000aa600000)
 Metaspace       used 57394K, capacity 59148K, committed 59160K, reserved 1099776K
  class space    used 7817K, capacity 8317K, committed 8320K, reserved 1048576K
}
Event: 5.763 GC heap before
{Heap before GC invocations=11 (full 3):
 PSYoungGen      total 245248K, used 18939K [0x00000000e0000000, 0x00000000f1100000, 0x0000000100000000)
  eden space 226304K, 0% used [0x00000000e0000000,0x00000000e0000000,0x00000000edd00000)
  from space 18944K, 99% used [0x00000000ef300000,0x00000000f057ef58,0x00000000f0580000)
  to   space 22528K, 0% used [0x00000000edd00000,0x00000000edd00000,0x00000000ef300000)
 ParOldGen       total 169984K, used 26463K [0x00000000a0000000, 0x00000000aa600000, 0x00000000e0000000)
  object space 169984K, 15% used [0x00000000a0000000,0x00000000a19d7f90,0x00000000aa600000)
 Metaspace       used 57394K, capacity 59148K, committed 59160K, reserved 1099776K
  class space    used 7817K, capacity 8317K, committed 8320K, reserved 1048576K
Event: 5.964 GC heap after
Heap after GC invocations=11 (full 3):
 PSYoungGen      total 245248K, used 0K [0x00000000e0000000, 0x00000000f1100000, 0x0000000100000000)
  eden space 226304K, 0% used [0x00000000e0000000,0x00000000e0000000,0x00000000edd00000)
  from space 18944K, 0% used [0x00000000ef300000,0x00000000ef300000,0x00000000f0580000)
  to   space 22528K, 0% used [0x00000000edd00000,0x00000000edd00000,0x00000000ef300000)
 ParOldGen       total 258048K, used 37373K [0x00000000a0000000, 0x00000000afc00000, 0x00000000e0000000)
  object space 258048K, 14% used [0x00000000a0000000,0x00000000a247f6e0,0x00000000afc00000)
 Metaspace       used 57394K, capacity 59148K, committed 59160K, reserved 1099776K
  class space    used 7817K, capacity 8317K, committed 8320K, reserved 1048576K
}
Event: 7.215 GC heap before
{Heap before GC invocations=12 (full 3):
 PSYoungGen      total 245248K, used 226304K [0x00000000e0000000, 0x00000000f1100000, 0x0000000100000000)
  eden space 226304K, 100% used [0x00000000e0000000,0x00000000edd00000,0x00000000edd00000)
  from space 18944K, 0% used [0x00000000ef300000,0x00000000ef300000,0x00000000f0580000)
  to   space 22528K, 0% used [0x00000000edd00000,0x00000000edd00000,0x00000000ef300000)
 ParOldGen       total 258048K, used 37373K [0x00000000a0000000, 0x00000000afc00000, 0x00000000e0000000)
  object space 258048K, 14% used [0x00000000a0000000,0x00000000a247f6e0,0x00000000afc00000)
 Metaspace       used 63447K, capacity 66160K, committed 66432K, reserved 1105920K
  class space    used 8640K, capacity 9259K, committed 9344K, reserved 1048576K
Event: 7.234 GC heap after
Heap after GC invocations=12 (full 3):
 PSYoungGen      total 248832K, used 21629K [0x00000000e0000000, 0x00000000f3000000, 0x0000000100000000)
  eden space 226304K, 0% used [0x00000000e0000000,0x00000000e0000000,0x00000000edd00000)
  from space 22528K, 96% used [0x00000000edd00000,0x00000000ef21f768,0x00000000ef300000)
  to   space 25088K, 0% used [0x00000000f1780000,0x00000000f1780000,0x00000000f3000000)
 ParOldGen       total 258048K, used 37381K [0x00000000a0000000, 0x00000000afc00000, 0x00000000e0000000)
  object space 258048K, 14% used [0x00000000a0000000,0x00000000a24816e0,0x00000000afc00000)
 Metaspace       used 63447K, capacity 66160K, committed 66432K, reserved 1105920K
  class space    used 8640K, capacity 9259K, committed 9344K, reserved 1048576K
}

